Below is a list of files we were unable to include in this backup. These files
are not missing, but were not available in our file-store cloud at the time the
tarball was made or are not backed up because they can be generated. In almost
all cases these will be resolved the next time you generate a backup or export.

/css/css_RCskvjdLizEbMnZY4NgfUXpmj0s2sMErBqX5KGx892o.css: Generated files are not backed up
/styles/movies__710_415_/public/Imgs Movies/xmen1.jpg: Generated files are not backed up
/js/js_SbAUcuCIBq5om6wKNFXTF6GnCI6uEvrENhB5xePK5Ac.js: Generated files are not backed up
/styles/movies__710_415_/public/Imgs Movies/nnnnnnnnnnnnnn.jpg: Generated files are not backed up
/styles/medium/public/imgs-actors/Kasia Smutniak.jpg: Generated files are not backed up
/js/js_aA3i9gw6PrrpRFaX4nZZY2AeZ9j2LsmJ00kqRQv8PIw.js: Generated files are not backed up
/styles/flexslider_full/public/imgs-actors/will.jpg: Generated files are not backed up
/css/css_ypAIVppgQrIyFnvf8LUVvUaRvSBQ-Ul6Gu4kiLrYN58.css: Generated files are not backed up
/styles/flexslider_thumbnail/public/Imgs Movies/soyleyenda.jpg: Generated files are not backed up
/js/js_MRtcp-QQFNNvR2HH1o5B6z7sRKMM0wHClTmZ66zTYkg.js: Generated files are not backed up
/css/css_IufM3SZR_igg1vDPnOP9C4lSkbdQriNJqwaJ-DZ6kCE.css: Generated files are not backed up
/css/css_035kvpzoR-ZKdOOgduGA1R1DQyFJ5I32mmrpsmvg3kQ.css: Generated files are not backed up
/js/js_Qk3WPWkYcsbk-m-x5eLZKyvQ6jx4iTqdZ1Zr1utiZlk.js: Generated files are not backed up
/styles/medium/public/Imgs Movies/prj.jpg: Generated files are not backed up
/styles/medium/public/Imgs Movies/descarga.jpg: Generated files are not backed up
/js/js_km1DWu6g3-0625vtiMEtAccADUFEtGSUPZ4rXFcmHrc.js: Generated files are not backed up
/css/css_VmDLy-o3nn1T0fsc1Ny60gRiWRLejD5EbNsdnivfeLI.css: Generated files are not backed up
/js/js_g0r14t83CyFOie9dtTvScCfDLjFx09CaftsI4p5WL58.js: Generated files are not backed up
/css/css_0Iwe0pd6BB8NzBpxLSthR0MY64igKY6V-0CUJ0ACIW4.css: Generated files are not backed up
/styles/medium/public/Imgs Movies/Easy-way-out-1.jpg: Generated files are not backed up
/styles/movies__710_415_/public/Imgs Movies/1jpg.jpg: Generated files are not backed up
/styles/medium/public/Imgs Movies/4.jpg: Generated files are not backed up
/css/css_Wu8npAzy16WmnnnWKxpexfgsAryolGGaX6yO3GWA5bU.css: Generated files are not backed up
/styles/flexslider_thumbnail/public/Imgs Movies/en-busca-de-la-felicidad.jpg: Generated files are not backed up
/styles/movies__710_415_/public/Imgs Movies/Easy-way-out-1.jpg: Generated files are not backed up
/styles/medium/public/Imgs Movies/negro.jpg: Generated files are not backed up
/js/js_mMuSdRh5NeaBYvACFdfxYZFykbM62b1Ir0OkbP8m74A.js: Generated files are not backed up
/styles/thumbnail/public/imgs-actors/Scarlett.Johansson.1813.jpg: Generated files are not backed up
/styles/medium/public/Imgs Movies/how-gory-can-you-handle-your-horror-movies.jpg: Generated files are not backed up
/js/js_VaTlC5jNdxR2e4HzWsuiV1jhDftON6pzITcrr9IQmXA.js: Generated files are not backed up
/css/css_MtZk-_QKIZY3DpbD7n__Xg-V59KtLQFPR0eY-UKT9NU.css: Generated files are not backed up
/js/js_4tXEDETEYwvWIDQK6Vac1Bm_kNx5v16PxxePYVqdT4o.js: Generated files are not backed up
/js/js_Xjzh1hVfcgVAixhmmB6Go8TUMPOiprA-2vkC-oWXARQ.js: Generated files are not backed up
/styles/thumbnail/public/imgs-actors/harry.jpg: Generated files are not backed up
/css/css_2Q4iludFI_iK6pPd0pBxwG-mJS_C5Rg-NlGDbHp_l1A.css: Generated files are not backed up
/styles/flexslider_full/public/Imgs Movies/vampira_descansando.jpg: Generated files are not backed up
/js/js_GpL_W-PunVK4Ull0M6N32ugFPiyXnf6ON2pyA2iKjno.js: Generated files are not backed up
/styles/flexslider_thumbnail/public/Imgs Movies/vampira_descansando_0.jpg: Generated files are not backed up
/styles/medium/public/Imgs Movies/i-must-kill-the-boy-who-lived-not-til-july-tho_0.jpg: Generated files are not backed up
/styles/thumbnail/public/Imgs Movies/the-ultimate-film-justice-league.jpg: Generated files are not backed up
/styles/thumbnail/public/Imgs Movies/even-patrick-stewart-had-a-comic-book-death.jpg: Generated files are not backed up
/styles/thumbnail/public/imgs-actors/Emona Stone.jpg: Generated files are not backed up
/styles/movies__710_415_/public/modules/image/sample.png: Generated files are not backed up
/js/js_yBfMcJqDRqllnqGw9cUCSpLi8jJ_zCvz8eaES44X4xo.js: Generated files are not backed up
/styles/flexslider_thumbnail/public/Imgs Movies/Easy-way-out-1.jpg: Generated files are not backed up
/styles/movies__710_415_/public/Imgs Movies/xmen 2.jpg: Generated files are not backed up
/css/css_jIvZpVfuY4FgJzZ7mYHIG4cYOyD0nJ03Bw5wiLVkAh8.css: Generated files are not backed up
/css/css_vCu8UB5482Pf1jvSI0lNT9k5Nvwo85haHT764zw7KBk.css: Generated files are not backed up
/css/css_eH_phXJOPzNLvv6zw_5kh7yzkxmFL29ZXe4ysPTmbH0.css: Generated files are not backed up
/styles/medium/public/imgs-actors/NATHALIE EMMANUEL.jpg: Generated files are not backed up
/styles/movies__710_415_/public/Imgs Movies/1a7e7666dd329873410292d91d9d0c3b.jpg: Generated files are not backed up
/css/css_lQaZfjVpwP_oGNqdtWCSpJT1EMqXdMiU84ekLLxQnc4.css: Generated files are not backed up
/js/js_5idECjjAo-X5YdkT65CaIiodkWmZlZv-WjSkHlWhoYk.js: Generated files are not backed up
/js/js_Rw48GZUg9ok05TqOO2DpK_q5k5-EBL9ZWfgF16Dp34s.js: Generated files are not backed up
/styles/large/public/Imgs Movies/soyleyenda.jpg: Generated files are not backed up
/styles/medium/public/Imgs Movies/soyleyenda.jpg: Generated files are not backed up
/js/js_tgDNAj2NmIggoUmAUAPngGCY2i0pn5OKr6LrSvPlVu4.js: Generated files are not backed up
/js/js_oXX8weQgp84LXvY23lGAhgDhhQ2vZPBB2pQeXwNYWiU.js: Generated files are not backed up
/styles/flexslider_full/public/Imgs Movies/titanic1.jpg: Generated files are not backed up
/js/js_5uHl9DW1EKH3TNpPLIpz2gVxPnBF2ZMrRNlrid4fO0I.js: Generated files are not backed up
/styles/photo_actor__150_150_/public/imgs-actors/cm.jpg: Generated files are not backed up
/styles/thumbnail/public/imgs-actors/will.jpg: Generated files are not backed up
/styles/movies__710_415_/public/Imgs Movies/el-buque-texistepec.--619x348.jpg: Generated files are not backed up
/styles/medium/public/Imgs Movies/6.jpg: Generated files are not backed up
/styles/thumbnail/public/Imgs Movies/vampira_descansando.jpg: Generated files are not backed up
/js/js_inE-wrU65HQHBJG9w4EmqXnKB7hujW820VEZJjO-Sgw.js: Generated files are not backed up
/styles/medium/public/Imgs Movies/vampira_descansando_0.jpg: Generated files are not backed up
/styles/medium/public/imgs-actors/Jame Carpinello.jpg: Generated files are not backed up
/js/js_G7kZVLttJ_jKQ3Hh6Ie8wePbo_kOEgb74tQqu-AqZ4k.js: Generated files are not backed up
/styles/movies__710_415_/public/Imgs Movies/vampira_descansando.jpg: Generated files are not backed up
/css/css_5xm2JbLEiM5Ar5vjnGbo40eOmULwQdSL8zL9ldayQWs.css: Generated files are not backed up
/css/css_a-Xpm7cwv4G-t8mYrwXyqbW5m8dDvgs0iVCjf0hLkoM.css: Generated files are not backed up
/styles/thumbnail/public/imgs-actors/William Greys.jpg: Generated files are not backed up
/styles/flexslider_thumbnail/public/Imgs Movies/BELLEZA OCULTA.jpg: Generated files are not backed up
/styles/medium/public/Imgs Movies/easy.jpg: Generated files are not backed up
/styles/photo_actor__150_150_/public/imgs-actors/Scarlett.Johansson.1813.jpg: Generated files are not backed up
/css/css_I9o6r-jW53vmNFKEgmpwkIiHGcIAY7EFIS7TnUOZNJs.css: Generated files are not backed up
/css/css_bdBdO98vUXHtDhHhKxktZbFiHA_ZfH9VdckGXQ8FyMs.css: Generated files are not backed up
/css/css_1kF33EODTO5gDyEbdpAfYzMKbjG3ottD1s5np0BNI8U.css: Generated files are not backed up
/js/js_ozs-pSSQMtSlH5_qrdhfilWy1Q4hTZozOndbTMaEV3A.js: Generated files are not backed up
/styles/movies__710_415_/public/Imgs Movies/easy.jpg: Generated files are not backed up
/styles/flexslider_full/public/imgs-actors/Emona Stone.jpg: Generated files are not backed up
/css/css_9uPZRDJtP9anH_fEf70aqEI0wtYf4sH6myX6-EMOb1k.css: Generated files are not backed up
/css/css_KYUk8hdRTgDxgjD0fbcfTcOBxeSdn-Qpws68cljJZOU.css: Generated files are not backed up
/styles/thumbnail/public/Imgs Movies/en-busca-de-la-felicidad.jpg: Generated files are not backed up
/js/js_4DO5u0SPqdcEY-7aL9dYdxRjplaXCfjWiPd_Hsd975I.js: Generated files are not backed up
/styles/movies__710_415_/public/Imgs Movies/2.jpg: Generated files are not backed up
/css/css_b2oD-3xZ_ei5d2iJBru147xIluLCEhcGGbGFfEQRJpQ.css: Generated files are not backed up
/css/css_bgjpCRlArvLjrMVBXD6A6p5ZATT_vw1Bh-ChjejphYo.css: Generated files are not backed up
/styles/medium/public/Imgs Movies/1a7e7666dd329873410292d91d9d0c3b.jpg: Generated files are not backed up
/css/css_lmfYLQNa_6QnduHkaOQCINexRutvMbgp5Z64GvZDxu4.css: Generated files are not backed up
/styles/medium/public/Imgs Movies/ooooooooo.jpg: Generated files are not backed up
/css/css_q8ANNTDKDPk8w1tcyiajwJEniskZSZ01z4nuecE2d0c.css: Generated files are not backed up
/styles/movies__710_415_/public/Imgs Movies/titanic1.jpg: Generated files are not backed up
/js/js_PLJvUEYFceOB4mz99DJWJMnAaDitMmts6U_cUxC7cbY.js: Generated files are not backed up
/styles/movies__710_415_/public/Imgs Movies/lights-camera-fus-ro-dah-why-skyrim-should-be-turned-into-a-movie.jpg: Generated files are not backed up
/js/js_XpYk4AxXCYBZObH7K4kqyvRZEO5N-23Lsdl7ok7FCl4.js: Generated files are not backed up
/styles/medium/public/Imgs Movies/2.jpg: Generated files are not backed up
/js/js_vQ8XFje0f74gfCnuL1YL7noUzZ9L2oxn4Xv4bKTzfVU.js: Generated files are not backed up
/styles/medium/public/Imgs Movies/FRESH-PRINCE.jpg: Generated files are not backed up
/css/css_S8fZd-K62ZPH6TfYeqzfozEFQrO8e1CiRZkuTC_k6Hk.css: Generated files are not backed up
/styles/flexslider_full/public/imgs-actors/Jayne Wisener.jpg: Generated files are not backed up
/styles/movies__710_415_/public/Imgs Movies/harry-potter-y-la-piedra-filosofal-poster.jpg: Generated files are not backed up
/js/js_bapLi88vJyxEJ62_MugaIfF5zRsXyxqTEe5P5_IANfA.js: Generated files are not backed up
/styles/movies__710_415_/public/Imgs Movies/6.jpg: Generated files are not backed up
/css/css_RB6p1S2d_28zB_GJVyFKDk9j3cwZyTKE3k_9Smdpg_s.css: Generated files are not backed up
/js/js_4MTtsxqzUx7qzpF4p4atUAW6bRxoJ6DI7T4aaLKgbpM.js: Generated files are not backed up
/styles/movies__710_415_/public/Imgs Movies/lag.jpg: Generated files are not backed up
/styles/photo_actor__150_150_/public/modules/image/sample.png: Generated files are not backed up
/styles/movies__710_415_/public/Imgs Movies/easy_0.jpg: Generated files are not backed up
/styles/movies__710_415_/public/Imgs Movies/top-10-games-that-would-be-great-movies.jpg: Generated files are not backed up
/js/js_oDa-hOAgjKHRc5_U359y9qgK7MSNsttLul2Q0-u1Zts.js: Generated files are not backed up
/styles/photo_actor__150_150_/public/imgs-actors/will.jpg: Generated files are not backed up
/js/js_J8g9CYxbqA01kH6y5TY-u78CcQ0HRP7n6EM1al8Q1p8.js: Generated files are not backed up
/styles/flexslider_full/public/Imgs Movies/easy.jpg: Generated files are not backed up
/styles/medium/public/Imgs Movies/2-jpg.jpg: Generated files are not backed up
/css/css_g2B41a01BydEo8RT3I4W25Q1t28110dyNJOjx9QWu3U.css: Generated files are not backed up
/styles/thumbnail/public/imgs-actors/leonardo.jpg: Generated files are not backed up
/styles/movies__710_415_/public/Imgs Movies/i-must-kill-the-boy-who-lived-not-til-july-tho.jpg: Generated files are not backed up
/js/js_VUDXqUHZ5QhYkNMeL6f73mumGF3-_JUj9EbY3FMIvkM.js: Generated files are not backed up
/styles/medium/public/Imgs Movies/en-busca-de-la-felicidad.jpg: Generated files are not backed up
/js/js_5qp5_3IG9FvNUnUfc0KAWAYB2XFXhn66uaNhkfr-w-U.js: Generated files are not backed up
/styles/movies__710_415_/public/Imgs Movies/mmmm.JPG: Generated files are not backed up
/styles/medium/public/imgs-actors/Johann Urb.jpg: Generated files are not backed up
/styles/thumbnail/public/imgs-actors/David Keith.jpg: Generated files are not backed up
/js/js_LMJITq8wXJd0oIHawFc2v0rnLfrjI4FoEIt9DFitJQ8.js: Generated files are not backed up
/styles/thumbnail/public/imgs-actors/Kasia Smutniak.jpg: Generated files are not backed up
/css/css_ME9xjITOgBApbWr2mxhaL6PlUzptdtlVaN_D6q0siNg.css: Generated files are not backed up
/css/css_vdCzpt5RRVtDzGpF94dcgdqUpCnRccmWqw97zGgqJww.css: Generated files are not backed up
/styles/thumbnail/public/imgs-actors/ks.jpg: Generated files are not backed up
/styles/medium/public/Imgs Movies/1.jpg: Generated files are not backed up
/styles/flexslider_full/public/imgs-actors/William Greys.jpg: Generated files are not backed up
/styles/thumbnail/public/imgs-actors/cm.jpg: Generated files are not backed up
/styles/photo_actor__150_150_/public/imgs-actors/descarga (1).jpg: Generated files are not backed up
/css/css_NRg0AX3iY_x0OX3_WzcWp90JnwurHRvZn6i75GL0rRI.css: Generated files are not backed up
/js/js_m-DtJHCDjhI1B7PrEemVv1BCzNlb4Edi7G7D_ecdBrE.js: Generated files are not backed up
/js/js_zUjSfqQwfft_YaMUacLFHWImtKqww3joIC6znjcFx0M.js: Generated files are not backed up
/js/js_J2FcfSjpV058nHAg6_5eAHgP1eeKA-2yy82UjNVfOJ8.js: Generated files are not backed up
/styles/thumbnail/public/imgs-actors/descarga (1).jpg: Generated files are not backed up
/styles/movies__710_415_/public/Imgs Movies/22.jpg.jpg: Generated files are not backed up
/styles/photo_actor__150_150_/public/imgs-actors/harry.jpg: Generated files are not backed up
/js/js_zACdN7rIDe5Tv6418vhfDj9kqc_t6ssF95X0lugqbUc.js: Generated files are not backed up
/styles/flexslider_full/public/imgs-actors/Johann Urb.jpg: Generated files are not backed up
/styles/medium/public/Imgs Movies/jane-eyre-m-v-wheelhouse-g-bell-and-sons-ltd-1911.jpg: Generated files are not backed up
/css/css_9_Y9IVrkh_gq305-PxOU1LQi6EoamyXaDia5-KVZNeE.css: Generated files are not backed up
/js/js_qYvFpuVSW3Xj9cgcEpQPUJMxeEy18WLcslzc44NfwaY.js: Generated files are not backed up
/css/css_sxgBzai0P3nwUsvwEgsaa2PI-d-J4iAVgelcEbun74k.css: Generated files are not backed up
/css/css_owly--f5KVRQ4AD4m1qHR17t-n8YrGpa_ltsZIjNf48.css: Generated files are not backed up
/styles/flexslider_full/public/imgs-actors/Jame Carpinello.jpg: Generated files are not backed up
/styles/medium/public/Imgs Movies/even-patrick-stewart-had-a-comic-book-death.jpg: Generated files are not backed up
/styles/flexslider_full/public/imgs-actors/Kasia Smutniak.jpg: Generated files are not backed up
/styles/photo_actor__150_150_/public/imgs-actors/leonardo.jpg: Generated files are not backed up
/css/css_m6jvU69pz-N_v9183J3YOfIepJRU6rVLteQNfvwS-is.css: Generated files are not backed up
/styles/flexslider_thumbnail/public/Imgs Movies/titanic1.jpg: Generated files are not backed up
/css/css_qJE1hd9E4vIeFcvK7rdxPmMw-xRhfuFOewJM6iAeZTE.css: Generated files are not backed up
/styles/thumbnail/public/imgs-actors/Johann Urb.jpg: Generated files are not backed up
/css/css_d7tktFLD8xQGkBKlnCwN0VJZ1L7MVHpvR1x8ABCyI0Y.css: Generated files are not backed up
/styles/medium/public/Imgs Movies/lights-camera-fus-ro-dah-why-skyrim-should-be-turned-into-a-movie.jpg: Generated files are not backed up
/styles/medium/public/Imgs Movies/xmen 2.jpg: Generated files are not backed up
/styles/medium/public/imgs-actors/Jayne Wisener.jpg: Generated files are not backed up
/js/js_gILQQb--cWOMfiY0Lld8fZ_KLlaDNJiSDxgYUh-sh9E.js: Generated files are not backed up
/styles/medium/public/imgs-actors/William Greys.jpg: Generated files are not backed up
/js/js_P1pnTsQqgSujTcc5Y0ENhkX0zTppXDX77DhQzUNh-RU.js: Generated files are not backed up
/js/js_aw-0fZJdFulRf4c683YaKInzIVH8757HUBuw89K4t6U.js: Generated files are not backed up
/js/js_9JSHnIaogUpamM59TdlQwTl805eZgOBSH2PJqHE97B8.js: Generated files are not backed up
/styles/thumbnail/public/Imgs Movies/Easy-way-out-1.jpg: Generated files are not backed up
/styles/medium/public/Imgs Movies/the-ultimate-film-justice-league.jpg: Generated files are not backed up
/js/js_7e0k0gw3dNrSMS1d_7Q7orclSHPAoEqtYYK8LeJnB18.js: Generated files are not backed up
/css/css_Nv0ct-zkzztuah_LbaPFF8ZkdSEk-LxBtTWMm9mN_F8.css: Generated files are not backed up
/css/css_iGEGQBc0RHCIYLy1qA9d4ekvEgoqpk0vBPyZ6JrC4VQ.css: Generated files are not backed up
/css/css__pRDSU0-437RRC_KI4AIEuGPX3mBDwXl6TZOK2R7ekU.css: Generated files are not backed up
/styles/thumbnail/public/Imgs Movies/titanic1.jpg: Generated files are not backed up
/css/css_4WVqV7ZKQdma8PfGIdkjgMpcFTHj7Sn8nUeMJ3-CZBU.css: Generated files are not backed up
/styles/movies__710_415_/public/Imgs Movies/negro.jpg: Generated files are not backed up
/js/js_VLt2ZO8N-4dcYVjqm9DUuZRy5lpDywxOo0FWc-am15c.js: Generated files are not backed up
/styles/movies__710_415_/public/Imgs Movies/ks.jpg: Generated files are not backed up
/styles/thumbnail/public/Imgs Movies/BELLEZA OCULTA.jpg: Generated files are not backed up
/styles/thumbnail/public/Imgs Movies/i-must-kill-the-boy-who-lived-not-til-july-tho.jpg: Generated files are not backed up
/styles/thumbnail/public/Imgs Movies/lights-camera-fus-ro-dah-why-skyrim-should-be-turned-into-a-movie.jpg: Generated files are not backed up
/styles/medium/public/Imgs Movies/i-must-kill-the-boy-who-lived-not-til-july-tho.jpg: Generated files are not backed up
/styles/thumbnail/public/Imgs Movies/vampira_descansando_0.jpg: Generated files are not backed up
/styles/thumbnail/public/Imgs Movies/how-gory-can-you-handle-your-horror-movies.jpg: Generated files are not backed up
/js/js_4L0QclnImGPsxCH-TPBRxIlg9YxerpwyIMMReg-ul24.js: Generated files are not backed up
/js/js_MmCUOAj0uraudfL7QxxGjkYvW7VLNQXJIp6a8FUrlZU.js: Generated files are not backed up
/styles/medium/public/Imgs Movies/mmmm.JPG: Generated files are not backed up
/styles/medium/public/Imgs Movies/el-buque-texistepec.--619x348.jpg: Generated files are not backed up
/styles/movies__710_415_/public/Imgs Movies/4.jpg: Generated files are not backed up
/js/js_et5DpUtGx-mVBPBf5Aq9y1XLRMJ3ZqfK5LkKrI2re40.js: Generated files are not backed up
/styles/movies__710_415_/public/Imgs Movies/jane-eyre-m-v-wheelhouse-g-bell-and-sons-ltd-1911.jpg: Generated files are not backed up
/css/css_jy8BcBL2s0wHrFe1ezN0IgV4SUajnmvD8SqE6Fg-PKY.css: Generated files are not backed up
/js/js_tPG4eGCkr37UGMHclK1OLYLS1uhA5OJbOLk_C5WS9RE.js: Generated files are not backed up
/js/js_uTpGZRbRZm_lrt5640lI88hN-6jGIe3E3hxZcagIuss.js: Generated files are not backed up
/styles/thumbnail/public/imgs-actors/Jame Carpinello.jpg: Generated files are not backed up
/js/js_3TpOhJrIhnB54C7Ih-jLSPWEAyVdyYHLGBr5_jQB0O8.js: Generated files are not backed up
/css/css_2THG1eGiBIizsWFeexsNe1iDifJ00QRS9uSd03rY9co.css: Generated files are not backed up
/styles/movies__710_415_/public/Imgs Movies/descarga_1.jpg: Generated files are not backed up
/styles/movies__710_415_/public/Imgs Movies/the-ultimate-film-justice-league.jpg: Generated files are not backed up
/css/css_cUEWts71eFDEwPOQFliw7Zfs2NjPdExnfKsPZ775AHY.css: Generated files are not backed up
/styles/thumbnail/public/Imgs Movies/soyleyenda.jpg: Generated files are not backed up
/js/js_X6YS-SxMQrbquLoniUe5ePrYCpq11E7k2ys1B7TBgEs.js: Generated files are not backed up
/styles/flexslider_thumbnail/public/Imgs Movies/vampira_descansando.jpg: Generated files are not backed up
/styles/thumbnail/public/Imgs Movies/easy.jpg: Generated files are not backed up
/styles/thumbnail/public/imgs-actors/NATHALIE EMMANUEL.jpg: Generated files are not backed up
/css/css_-j6jX7oqS9xTSXr9cYaIE-kuEqNBFMiDbKfIn8wHpGk.css: Generated files are not backed up
/js/js_Ivyf3h3pZ48vFLzklSJ2jnlFqYXpFJhSM0ROUhLXlw0.js: Generated files are not backed up
/js/js_aAlGj0C4DI7o_m9IO_M_DJP1CK2P4W9TmeC9iZ9SSKQ.js: Generated files are not backed up
/js/gmap_markers.js: Generated files are not backed up
/css/css_H4ZeTM-U-S0s-FFSLOI7hkPvidkUgcFg5fh7Rt5HQks.css: Generated files are not backed up
/css/css_RfQEnZ6BIHET-V1wjU0_CDSh2DAbgZext4hLTc64Zm0.css: Generated files are not backed up
/styles/thumbnail/public/imgs-actors/Jayne Wisener.jpg: Generated files are not backed up
/js/js_3byDwIEVWqjlcb2chmDe-7xnuDRSWKk-1e0-eVMOwOc.js: Generated files are not backed up
/styles/movies__710_415_/public/Imgs Movies/prj.jpg: Generated files are not backed up
/styles/medium/public/Imgs Movies/vampira_descansando.jpg: Generated files are not backed up
/styles/movies__710_415_/public/Imgs Movies/1.jpg: Generated files are not backed up
/styles/flexslider_full/public/Imgs Movies/Easy-way-out-1.jpg: Generated files are not backed up
/styles/thumbnail/public/imgs-actors/jd.jpg: Generated files are not backed up
/styles/thumbnail/public/Imgs Movies/top-10-games-that-would-be-great-movies.jpg: Generated files are not backed up
/js/js_pMLX6cyJEeWOLJ7kdtBa19M7mKEeBBt6e-IfC7_I7Zc.js: Generated files are not backed up
/js/js_4zlNaH6H8wnurFVuByyEsKhxpruWgzJPD4wHIxpJiN4.js: Generated files are not backed up
/styles/medium/public/Imgs Movies/xmen1.jpg: Generated files are not backed up
/js/js_kHqCDFyLxRt9KvCdgHbD-4ZTfrUUS7iZ2ZWLWp793Sw.js: Generated files are not backed up
/styles/movies__710_415_/public/Imgs Movies/i-must-kill-the-boy-who-lived-not-til-july-tho_0.jpg: Generated files are not backed up
/styles/flexslider_full/public/Imgs Movies/vampira_descansando_0.jpg: Generated files are not backed up
/css/css_LJ87GFKz9ZFt2bWZ4pMV8e2o8w_790Mbwcd7C-RKri0.css: Generated files are not backed up
/styles/photo_actor__150_150_/public/imgs-actors/ange.jpg: Generated files are not backed up
/styles/medium/public/Imgs Movies/easy_0.jpg: Generated files are not backed up
/styles/photo_actor__150_150_/public/imgs-actors/Jayne Wisener.jpg: Generated files are not backed up
/js/js_aMB43HEETnb85HD_8_Zh2aKqYAs75DkxpCiVts0lqA8.js: Generated files are not backed up
/css/css_QgZOyzgf4VA7BvZNK7KotBOh12vOyqHycdYVIzs8YDw.css: Generated files are not backed up
/js/js_L50O_PWoAuMOxVjnzZCkNSSmI0kFwhZsO1_KS8WnGKw.js: Generated files are not backed up
/styles/movies__710_415_/public/Imgs Movies/descarga.jpg: Generated files are not backed up
/js/js_EWBDnT1gRP1gzjsXvSk2gLCmSG77-gGRpfNuAEsjREU.js: Generated files are not backed up
/js/js_KCd8rbJYUruV1tRJnh4um34UYvyhlrSVCPR1jNko2h8.js: Generated files are not backed up
/styles/thumbnail/public/Imgs Movies/FRESH-PRINCE.jpg: Generated files are not backed up
/js/js_RDsrxoZxTVju1LNBylvI75vmv8aJ8mQc-WuZpJWPKTY.js: Generated files are not backed up
/styles/flexslider_thumbnail/public/Imgs Movies/FRESH-PRINCE.jpg: Generated files are not backed up
/js/js_Apdo89KB6UOss2Rc-HGUWiVm3fJZDdPnzB68oJUhO_w.js: Generated files are not backed up
/css/css_cbKGvltYrLxWWtlCYWAbRfU2b94ENaDT9emjmydkHUM.css: Generated files are not backed up
/styles/large/public/Imgs Movies/FRESH-PRINCE.jpg: Generated files are not backed up
/js/js_gPM6NXOQjN2XM2JWQGfy07nKmcdDFrL289YA7h80ySs.js: Generated files are not backed up
/js/js_HFjgpciwLdxrnGUx4hxLkMER3H2Nw0bOe5LR43JVcnQ.js: Generated files are not backed up
/styles/medium/public/Imgs Movies/BELLEZA OCULTA.jpg: Generated files are not backed up
/styles/movies__710_415_/public/Imgs Movies/2-jpg.jpg: Generated files are not backed up
/css/css_GG3564HpEF-G1fz4TwbdPqU74gg48xckVenHTwqDHLM.css: Generated files are not backed up
/styles/flexslider_full/public/imgs-actors/leonardo.jpg: Generated files are not backed up
/js/js_IegGYiL6FeGNX2GRWOjTkxzblcdE5seeOq3Cq-v37fI.js: Generated files are not backed up
/styles/large/public/Imgs Movies/titanic1.jpg: Generated files are not backed up
/styles/photo_actor__150_150_/public/imgs-actors/jd.jpg: Generated files are not backed up
/styles/medium/public/imgs-actors/will.jpg: Generated files are not backed up
/styles/medium/public/Imgs Movies/titanic1.jpg: Generated files are not backed up
/styles/medium/public/Imgs Movies/ztr.jpg: Generated files are not backed up
/js/js_85XR_HEWvK8MFAuKAJvtZz6zDc-cmqCEmyxQXs1ibmk.js: Generated files are not backed up
/js/js_tce2i5Oc-_34mIgMcZ1Hwk1QuTcVoRSQudmSE_shK_I.js: Generated files are not backed up
/css/css_ZDWl28hdmeinIcKg-HMrN6uKD0nTMld5NlXLmm5MH2U.css: Generated files are not backed up
/styles/flexslider_thumbnail/public/Imgs Movies/easy.jpg: Generated files are not backed up
/styles/medium/public/Imgs Movies/descarga_1.jpg: Generated files are not backed up
/js/js_ITjEZWMg3AUY89RHvpyScKbw0Up6R5F3pon5cFq7rw4.js: Generated files are not backed up
/css/css_6IH1rls57MRB8K5aBpk6syTIWVNPbmn-T4ZdV70i3jU.css: Generated files are not backed up
/js/js_1tGP853lmv_v7NwdiD7QLsFcIkgokUkWGAx3cVkq7Z0.js: Generated files are not backed up
/css/css_KQVBR0o66X1DL09bEkvt3YJF4wIqbMv_Cj4s5XCxFIs.css: Generated files are not backed up
/styles/movies__710_415_/public/Imgs Movies/ooooooooo.jpg: Generated files are not backed up
/js/js_rAMsz-jrnOWh3Zxcwv1BC9fdF5FUHcF7_IOs0YQz-gQ.js: Generated files are not backed up
/styles/large/public/Imgs Movies/BELLEZA OCULTA.jpg: Generated files are not backed up
/js/js_iuxFySTaj8E-tQzvQbXJOpTsVQCnQb1nYYLHygWRf78.js: Generated files are not backed up
/styles/movies__710_415_/public/Imgs Movies/even-patrick-stewart-had-a-comic-book-death.jpg: Generated files are not backed up
/styles/flexslider_full/public/imgs-actors/NATHALIE EMMANUEL.jpg: Generated files are not backed up
/css/css__WZCDo3Q6rn0B9HNeMjoMfRh0GczXQCF-_nX3rmRJf4.css: Generated files are not backed up
/js/js_9Do9rYe0ULIOKXbj0vTVsCBwVmo00I9dla8m6oaw05o.js: Generated files are not backed up
/styles/thumbnail/public/Imgs Movies/easy_0.jpg: Generated files are not backed up
/js/js_gECQTiWLsDQ7Uzv3qt5tW8MBDqiLNrzabW6MyMts-kI.js: Generated files are not backed up
/styles/medium/public/Imgs Movies/lag.jpg: Generated files are not backed up
/styles/flexslider_full/public/imgs-actors/David Keith.jpg: Generated files are not backed up
/styles/movies__710_415_/public/Imgs Movies/pirat.jpg: Generated files are not backed up
/styles/movies__710_415_/public/Imgs Movies/the-harry-potter-books-from-voldemort-s-point-of-view-are-hilarious-and-true.jpg: Generated files are not backed up
/css/css_hJpxolCL57BXTZvmnOw2sOjH3kiEPMh0GF4Y0_DiBeE.css: Generated files are not backed up
/css/css_8igKhvf_OnW4bT1cjedph298r5h6izgq5urBXZXeAgM.css: Generated files are not backed up
/js/js_4EfvWKMUZZVCIgD5LzhIV7EBv0dQE34FRVDdrKEa94o.js: Generated files are not backed up
/styles/movies__710_415_/public/Imgs Movies/how-gory-can-you-handle-your-horror-movies.jpg: Generated files are not backed up
/js/js_vNfk0E4QpZNmnRYJCe6E7LXYcNSNtAJmZCBP8gL0YD0.js: Generated files are not backed up
/styles/medium/public/Imgs Movies/nnnnnnnnnnnnnn.jpg: Generated files are not backed up
/styles/movies__710_415_/public/Imgs Movies/descarga_0.jpg: Generated files are not backed up
/js/js_3yNqsHfxQLxESVRFNvKMDhSBIMr8wcsCur0NBqqLWHI.js: Generated files are not backed up
/styles/medium/public/Imgs Movies/the-harry-potter-books-from-voldemort-s-point-of-view-are-hilarious-and-true.jpg: Generated files are not backed up
/styles/medium/public/Imgs Movies/top-10-games-that-would-be-great-movies.jpg: Generated files are not backed up
/styles/movies__710_415_/public/Imgs Movies/ws.jpg: Generated files are not backed up
/styles/movies__710_415_/public/Imgs Movies/vampira_descansando_0.jpg: Generated files are not backed up
/styles/thumbnail/public/imgs-actors/ange.jpg: Generated files are not backed up
/styles/photo_actor__150_150_/public/imgs-actors/ks.jpg: Generated files are not backed up
/css/css_LS9OUalDR9-d_lCAvF3yUWjNU6yF8ZBm84jEPRvoyuQ.css: Generated files are not backed up
/css/css_xE-rWrJf-fncB6ztZfd2huxqgxu4WO-qwma6Xer30m4.css: Generated files are not backed up
/styles/medium/public/Imgs Movies/pirat.jpg: Generated files are not backed up
/js/js_Q7-FJrCPCncgP_WiSx3MvYRrd2GY0_-uG3vIVsn7M30.js: Generated files are not backed up
/styles/medium/public/Imgs Movies/descarga_0.jpg: Generated files are not backed up
/styles/medium/public/Imgs Movies/ws.jpg: Generated files are not backed up
/css/css_Vn_p7xhZmS8yWWx26P0Cc7Tm0GG2K1gLWEoVrhw5xxg.css: Generated files are not backed up
/js/js_a_XWH2S1EQaU85ypMDyQGiUfzPFez1IOZKxHnhGkv3E.js: Generated files are not backed up
/js/js_H7q2xORKmR9AN8Qx5spKEIBp7R_wG2apAswJoCUZY7I.js: Generated files are not backed up
/styles/medium/public/Imgs Movies/1jpg.jpg: Generated files are not backed up
/styles/large/public/Imgs Movies/en-busca-de-la-felicidad.jpg: Generated files are not backed up
/css/css_F2y51L45QF5ddbjZLHOMgxd94oYcxurnDAkqaKZzRGE.css: Generated files are not backed up
/js/js_yx4DbICaxGvpmKBHeMzED3lI_EXQX19e5WxQgD-r-fg.js: Generated files are not backed up
/js/js_HOSDomJ4OWto8hWD-yQjo5Dha6lQtoZIm9ZWrHvkzu4.js: Generated files are not backed up
/js/js_PZ8m3sWfLF2K68r32oJW3_4cQ-mPfduMKvfExbjjkQE.js: Generated files are not backed up
/styles/medium/public/imgs-actors/Emona Stone.jpg: Generated files are not backed up
/styles/movies__710_415_/public/Imgs Movies/ztr.jpg: Generated files are not backed up
/styles/medium/public/imgs-actors/David Keith.jpg: Generated files are not backed up
/styles/medium/public/Imgs Movies/22.jpg.jpg: Generated files are not backed up
/css/css_6bkJnEFQXjo_gL-2NXZn1dYSXYJw0lPV05bR8KgOiaA.css: Generated files are not backed up
/styles/medium/public/Imgs Movies/harry-potter-y-la-piedra-filosofal-poster.jpg: Generated files are not backed up
/js/js_m1LXCRmjwTcr8PiZmldOXN5PLkOBsQs5QX6HTLmZfu8.js: Generated files are not backed up
/styles/medium/public/imgs-actors/leonardo.jpg: Generated files are not backed up

If you need immediate access to the files listed here, or have questions about
the state of your files, you can contact support via your Dashboard.

